2020-08-08 09:34:27.173  INFO 9676 --- [main] lavalink.server.Launcher                 : 

[32m       .  [31m _                  _ _       _    [32m__ _ _
[32m      /\\ [31m| | __ ___   ____ _| (_)_ __ | | __[32m\ \ \ \
[32m     ( ( )[31m| |/ _` \ \ / / _` | | | '_ \| |/ /[32m \ \ \ \
[32m      \\/ [31m| | (_| |\ V / (_| | | | | | |   < [32m  ) ) ) )
[32m       '  [31m|_|\__,_| \_/ \__,_|_|_|_| |_|_|\_\[32m / / / /
[0m    =========================================[32m/_/_/_/[0m

	Version:        3.3.1.1
	Build:          1075
	Build time:     13.07.2020 09:09:23 UTC
	Branch          master
	Commit:         f6a1a2a
	Commit time:    13.07.2020 09:04:37 UTC
	JVM:            11
	Lavaplayer      1.3.50

2020-08-08 09:34:27.670  INFO 9676 --- [main] lavalink.server.Launcher                 : Starting Launcher on DESKTOP-6EN5CPE with PID 9676 (C:\Users\U S E R\Documents\GitHub\Poetra\Lavalink.jar started by U S E R in C:\Users\U S E R\Documents\GitHub\Poetra)
2020-08-08 09:34:27.676  INFO 9676 --- [main] lavalink.server.Launcher                 : No active profile set, falling back to default profiles: default
2020-08-08 09:34:28.324  WARN 9676 --- [background-preinit] o.s.h.c.j.Jackson2ObjectMapperBuilder    : For Jackson Kotlin classes support please add "com.fasterxml.jackson.module:jackson-module-kotlin" to the classpath
2020-08-08 09:34:39.859  WARN 9676 --- [main] io.undertow.websockets.jsr               : UT026010: Buffer pool was not set on WebSocketDeploymentInfo, the default pool will be used
2020-08-08 09:34:39.938  INFO 9676 --- [main] io.undertow.servlet                      : Initializing Spring embedded WebApplicationContext
2020-08-08 09:34:39.948  INFO 9676 --- [main] o.s.web.context.ContextLoader            : Root WebApplicationContext: initialization completed in 11759 ms
2020-08-08 09:34:41.213  WARN 9676 --- [main] l.server.config.SentryConfiguration      : Turning off sentry
2020-08-08 09:34:41.250  INFO 9676 --- [main] l.s.c.AudioSendFactoryConfiguration      : OS: Windows 10, Arch: amd64
2020-08-08 09:34:41.337  INFO 9676 --- [main] l.s.c.AudioSendFactoryConfiguration      : JDA-NAS supported system detected. Enabled native audio sending.
2020-08-08 09:34:41.369  INFO 9676 --- [main] l.s.c.AudioSendFactoryConfiguration      : Setting buffer to 400ms
2020-08-08 09:34:41.370  INFO 9676 --- [main] l.s.c.AudioSendFactoryConfiguration      : Setting playlist load limit to 6
2020-08-08 09:34:42.638  INFO 9676 --- [main] c.s.d.l.tools.GarbageCollectionMonitor   : GC monitoring enabled, reporting results every 2 minutes.
2020-08-08 09:34:44.387  INFO 9676 --- [main] o.s.s.concurrent.ThreadPoolTaskExecutor  : Initializing ExecutorService 'applicationTaskExecutor'
2020-08-08 09:34:46.417  INFO 9676 --- [main] org.xnio                                 : XNIO version 3.3.8.Final
2020-08-08 09:34:46.539  INFO 9676 --- [main] org.xnio.nio                             : XNIO NIO Implementation Version 3.3.8.Final
2020-08-08 09:34:46.689  INFO 9676 --- [main] o.s.b.w.e.u.UndertowServletWebServer     : Undertow started on port(s) 7000 (http) with context path ''
2020-08-08 09:34:46.703  INFO 9676 --- [main] lavalink.server.Launcher                 : Started Launcher in 22.255 seconds (JVM running for 24.912)
2020-08-08 09:35:47.250  INFO 9676 --- [Thread-1] o.s.s.concurrent.ThreadPoolTaskExecutor  : Shutting down ExecutorService 'applicationTaskExecutor'
2020-08-08 09:35:47.258  INFO 9676 --- [Thread-1] c.s.d.l.tools.GarbageCollectionMonitor   : GC monitoring disabled.
2020-08-08 09:59:02.215  INFO 6844 --- [main] lavalink.server.Launcher                 : 

[32m       .  [31m _                  _ _       _    [32m__ _ _
[32m      /\\ [31m| | __ ___   ____ _| (_)_ __ | | __[32m\ \ \ \
[32m     ( ( )[31m| |/ _` \ \ / / _` | | | '_ \| |/ /[32m \ \ \ \
[32m      \\/ [31m| | (_| |\ V / (_| | | | | | |   < [32m  ) ) ) )
[32m       '  [31m|_|\__,_| \_/ \__,_|_|_|_| |_|_|\_\[32m / / / /
[0m    =========================================[32m/_/_/_/[0m

	Version:        3.3.1.1
	Build:          1075
	Build time:     13.07.2020 09:09:23 UTC
	Branch          master
	Commit:         f6a1a2a
	Commit time:    13.07.2020 09:04:37 UTC
	JVM:            11
	Lavaplayer      1.3.50

2020-08-08 09:59:02.889  INFO 6844 --- [main] lavalink.server.Launcher                 : Starting Launcher on DESKTOP-6EN5CPE with PID 6844 (C:\Users\U S E R\Documents\GitHub\Poetra\Lavalink.jar started by U S E R in C:\Users\U S E R\Documents\GitHub\Poetra)
2020-08-08 09:59:02.913  INFO 6844 --- [main] lavalink.server.Launcher                 : No active profile set, falling back to default profiles: default
2020-08-08 09:59:03.054  WARN 6844 --- [background-preinit] o.s.h.c.j.Jackson2ObjectMapperBuilder    : For Jackson Kotlin classes support please add "com.fasterxml.jackson.module:jackson-module-kotlin" to the classpath
2020-08-08 09:59:19.186  WARN 6844 --- [main] io.undertow.websockets.jsr               : UT026010: Buffer pool was not set on WebSocketDeploymentInfo, the default pool will be used
2020-08-08 09:59:19.666  INFO 6844 --- [main] io.undertow.servlet                      : Initializing Spring embedded WebApplicationContext
2020-08-08 09:59:19.682  INFO 6844 --- [main] o.s.web.context.ContextLoader            : Root WebApplicationContext: initialization completed in 16557 ms
2020-08-08 09:59:21.708  WARN 6844 --- [main] l.server.config.SentryConfiguration      : Turning off sentry
2020-08-08 09:59:21.878  INFO 6844 --- [main] l.s.c.AudioSendFactoryConfiguration      : OS: Windows 10, Arch: amd64
2020-08-08 09:59:21.965  INFO 6844 --- [main] l.s.c.AudioSendFactoryConfiguration      : JDA-NAS supported system detected. Enabled native audio sending.
2020-08-08 09:59:22.002  INFO 6844 --- [main] l.s.c.AudioSendFactoryConfiguration      : Setting buffer to 400ms
2020-08-08 09:59:22.062  INFO 6844 --- [main] l.s.c.AudioSendFactoryConfiguration      : Setting playlist load limit to 6
2020-08-08 09:59:25.168  INFO 6844 --- [main] c.s.d.l.tools.GarbageCollectionMonitor   : GC monitoring enabled, reporting results every 2 minutes.
2020-08-08 09:59:31.936  INFO 6844 --- [main] o.s.s.concurrent.ThreadPoolTaskExecutor  : Initializing ExecutorService 'applicationTaskExecutor'
2020-08-08 09:59:38.150  INFO 6844 --- [main] org.xnio                                 : XNIO version 3.3.8.Final
2020-08-08 09:59:38.404  INFO 6844 --- [main] org.xnio.nio                             : XNIO NIO Implementation Version 3.3.8.Final
2020-08-08 09:59:38.964  INFO 6844 --- [main] o.s.b.w.e.u.UndertowServletWebServer     : Undertow started on port(s) 7000 (http) with context path ''
2020-08-08 09:59:39.215  INFO 6844 --- [main] lavalink.server.Launcher                 : Started Launcher in 39.702 seconds (JVM running for 42.192)
